1613139201990	geckodriver	INFO	Listening on 127.0.0.1:57931
1613139202003	mozrunner::runner	INFO	Running command: "/Applications/Firefox.app/Contents/MacOS/firefox-bin" "--marionette" "-headless" "-foreground" "-no-remote" "-profile" "/var/folders/gf/kh9d3pr13kn5zyg509nyx_hc0000gn/T/rust_mozprofileWImkMF"
*** You are running in headless mode.
console.warn: SearchSettings: "get: No settings file exists, new profile?" (new Error("", "(unknown module)"))
1613139204183	Marionette	INFO	Listening on port 57940
1613139204257	Marionette	WARN	TLS certificate errors will be ignored for this session
[GFX1-]: Receive IPC close with reason=AbnormalShutdown
Exiting due to channel error.
[GFX1-]: Receive IPC close with reason=AbnormalShutdown
Exiting due to channel error.
[GFX1-]: Receive IPC close with reason=AbnormalShutdown
Exiting due to channel error.
1613144064741	geckodriver	INFO	Listening on 127.0.0.1:50093
1613144064755	mozrunner::runner	INFO	Running command: "/Applications/Firefox.app/Contents/MacOS/firefox-bin" "--marionette" "-headless" "-foreground" "-no-remote" "-profile" "/var/folders/gf/kh9d3pr13kn5zyg509nyx_hc0000gn/T/rust_mozprofileHSjXOt"
*** You are running in headless mode.
console.warn: SearchSettings: "get: No settings file exists, new profile?" (new Error("", "(unknown module)"))
1613144067451	Marionette	INFO	Listening on port 50102
1613144067556	Marionette	WARN	TLS certificate errors will be ignored for this session
Exiting due to channel error.
[GFX1-]: Receive IPC close with reason=AbnormalShutdown
Exiting due to channel error.
[GFX1-]: Receive IPC close with reason=AbnormalShutdown
Exiting due to channel error.
1613144134830	geckodriver	INFO	Listening on 127.0.0.1:50470
1613144134844	mozrunner::runner	INFO	Running command: "/Applications/Firefox.app/Contents/MacOS/firefox-bin" "--marionette" "-headless" "-foreground" "-no-remote" "-profile" "/var/folders/gf/kh9d3pr13kn5zyg509nyx_hc0000gn/T/rust_mozprofilelhafWB"
*** You are running in headless mode.
console.warn: SearchSettings: "get: No settings file exists, new profile?" (new Error("", "(unknown module)"))
1613144137083	Marionette	INFO	Listening on port 50479
1613144137112	Marionette	WARN	TLS certificate errors will be ignored for this session
[GFX1-]: Receive IPC close with reason=AbnormalShutdown
[GFX1-]: Receive IPC close with reason=AbnormalShutdown
Exiting due to channel error.
Exiting due to channel error.
[GFX1-]: Receive IPC close with reason=AbnormalShutdown
Exiting due to channel error.
1613144165440	geckodriver	INFO	Listening on 127.0.0.1:50669
1613144165454	mozrunner::runner	INFO	Running command: "/Applications/Firefox.app/Contents/MacOS/firefox-bin" "--marionette" "-headless" "-foreground" "-no-remote" "-profile" "/var/folders/gf/kh9d3pr13kn5zyg509nyx_hc0000gn/T/rust_mozprofiledaYYxo"
*** You are running in headless mode.
console.warn: SearchSettings: "get: No settings file exists, new profile?" (new Error("", "(unknown module)"))
1613144167842	Marionette	INFO	Listening on port 50678
1613144167927	Marionette	WARN	TLS certificate errors will be ignored for this session
[GFX1-]: Receive IPC close with reason=AbnormalShutdown
Exiting due to channel error.
[GFX1-]: Receive IPC close with reason=AbnormalShutdown
Exiting due to channel error.
[GFX1-]: Receive IPC close with reason=AbnormalShutdown
Exiting due to channel error.
1613144190173	geckodriver	INFO	Listening on 127.0.0.1:50855
1613144190188	mozrunner::runner	INFO	Running command: "/Applications/Firefox.app/Contents/MacOS/firefox-bin" "--marionette" "-headless" "-foreground" "-no-remote" "-profile" "/var/folders/gf/kh9d3pr13kn5zyg509nyx_hc0000gn/T/rust_mozprofileyCyVMt"
*** You are running in headless mode.
console.warn: SearchSettings: "get: No settings file exists, new profile?" (new Error("", "(unknown module)"))
1613144192419	Marionette	INFO	Listening on port 50864
1613144192467	Marionette	WARN	TLS certificate errors will be ignored for this session
Exiting due to channel error.
[GFX1-]: Receive IPC close with reason=AbnormalShutdown
Exiting due to channel error.
[GFX1-]: Receive IPC close with reason=AbnormalShutdown
Exiting due to channel error.
1613144233303	geckodriver	INFO	Listening on 127.0.0.1:51111
1613144233318	mozrunner::runner	INFO	Running command: "/Applications/Firefox.app/Contents/MacOS/firefox-bin" "--marionette" "-headless" "-foreground" "-no-remote" "-profile" "/var/folders/gf/kh9d3pr13kn5zyg509nyx_hc0000gn/T/rust_mozprofileQdA7Np"
*** You are running in headless mode.
console.warn: SearchSettings: "get: No settings file exists, new profile?" (new Error("", "(unknown module)"))
1613144235508	Marionette	INFO	Listening on port 51120
1613144235585	Marionette	WARN	TLS certificate errors will be ignored for this session
Exiting due to channel error.
[GFX1-]: Receive IPC close with reason=AbnormalShutdown
Exiting due to channel error.
[GFX1-]: Receive IPC close with reason=AbnormalShutdown
Exiting due to channel error.
1613144282283	geckodriver	INFO	Listening on 127.0.0.1:51396
1613144282299	mozrunner::runner	INFO	Running command: "/Applications/Firefox.app/Contents/MacOS/firefox-bin" "--marionette" "-headless" "-foreground" "-no-remote" "-profile" "/var/folders/gf/kh9d3pr13kn5zyg509nyx_hc0000gn/T/rust_mozprofilerUaXzt"
*** You are running in headless mode.
console.warn: SearchSettings: "get: No settings file exists, new profile?" (new Error("", "(unknown module)"))
1613144284688	Marionette	INFO	Listening on port 51405
1613144284778	Marionette	WARN	TLS certificate errors will be ignored for this session
JavaScript error: , line 0: NotFoundError: No such JSWindowActor 'MarionetteEvents'
JavaScript warning: https://cdn.intergient.com/pageos/1.5.16/videoCard.1451368a7b5e945a3252.js, line 1: WebGL warning: <Create>: Can't use WebGL in headless mode (https://bugzil.la/1375585).
JavaScript warning: https://cdn.intergient.com/pageos/1.5.16/videoCard.1451368a7b5e945a3252.js, line 1: Failed to create WebGL context: WebGL creation failed: 
* Can't use WebGL in headless mode (https://bugzil.la/1375585).
JavaScript warning: https://cdn.intergient.com/pageos/1.5.16/videoCard.1451368a7b5e945a3252.js, line 1: WebGL warning: <Create>: Can't use WebGL in headless mode (https://bugzil.la/1375585).
JavaScript warning: https://cdn.intergient.com/pageos/1.5.16/videoCard.1451368a7b5e945a3252.js, line 1: Failed to create WebGL context: WebGL creation failed: 
* Can't use WebGL in headless mode (https://bugzil.la/1375585).
JavaScript error: , line 0: NotFoundError: No such JSWindowActor 'MarionetteEvents'
JavaScript error: , line 0: NotFoundError: No such JSWindowActor 'MarionetteEvents'
JavaScript warning: https://pagead2.googlesyndication.com/bg/wSDlzm44Tw92KsZzdz8Ism0icNLDPdmXdQGqhtcdkOM.js line 1 > eval line 7385 > eval, line 1: WebGL warning: <Create>: Can't use WebGL in headless mode (https://bugzil.la/1375585).
JavaScript warning: https://pagead2.googlesyndication.com/bg/wSDlzm44Tw92KsZzdz8Ism0icNLDPdmXdQGqhtcdkOM.js line 1 > eval line 7385 > eval, line 1: Failed to create WebGL context: WebGL creation failed: 
* Can't use WebGL in headless mode (https://bugzil.la/1375585).
JavaScript warning: https://cdn.intergient.com/pageos/1.5.16/videoCard.1451368a7b5e945a3252.js, line 1: WebGL warning: <Create>: Can't use WebGL in headless mode (https://bugzil.la/1375585).
JavaScript warning: https://cdn.intergient.com/pageos/1.5.16/videoCard.1451368a7b5e945a3252.js, line 1: Failed to create WebGL context: WebGL creation failed: 
* Can't use WebGL in headless mode (https://bugzil.la/1375585).
JavaScript warning: https://cdn.intergient.com/pageos/1.5.16/videoCard.1451368a7b5e945a3252.js, line 1: WebGL warning: <Create>: Can't use WebGL in headless mode (https://bugzil.la/1375585).
JavaScript warning: https://cdn.intergient.com/pageos/1.5.16/videoCard.1451368a7b5e945a3252.js, line 1: Failed to create WebGL context: WebGL creation failed: 
* Can't use WebGL in headless mode (https://bugzil.la/1375585).
JavaScript warning: https://z.moatads.com/playwireprebidheader597261727146/moatheader.js, line 178: WebGL warning: <Create>: Can't use WebGL in headless mode (https://bugzil.la/1375585).
JavaScript warning: https://z.moatads.com/playwireprebidheader597261727146/moatheader.js, line 178: Failed to create WebGL context: WebGL creation failed: 
* Can't use WebGL in headless mode (https://bugzil.la/1375585).
JavaScript warning: https://z.moatads.com/playwireprebidheader597261727146/moatheader.js, line 178: WebGL warning: <Create>: Can't use WebGL in headless mode (https://bugzil.la/1375585).
JavaScript warning: https://z.moatads.com/playwireprebidheader597261727146/moatheader.js, line 178: Failed to create WebGL context: WebGL creation failed: 
* Can't use WebGL in headless mode (https://bugzil.la/1375585).
JavaScript error: https://cdn.playwire.com/bolt4/js/zeus/releases/4.3.40/frame/frame.html#id=trendi_slideshow___pv=1 line 1 > injectedScript, line 21: ReferenceError: ReportingObserver is not defined
Exiting due to channel error.
[GFX1-]: Receive IPC close with reason=AbnormalShutdown
Exiting due to channel error.
[GFX1-]: Receive IPC close with reason=AbnormalShutdown
Exiting due to channel error.
